{"/Users/satyaprasadnaik/Downloads/deepweb-browser-main/src/services/historyService.ts": {"path":"/Users/satyaprasadnaik/Downloads/deepweb-browser-main/src/services/historyService.ts","statementMap":{"0":{"start":{"line":10,"column":10},"end":{"line":10,"column":39}},"1":{"start":{"line":11,"column":10},"end":{"line":11,"column":29}},"2":{"start":{"line":16,"column":4},"end":{"line":18,"column":5}},"3":{"start":{"line":17,"column":6},"end":{"line":17,"column":13}},"4":{"start":{"line":21,"column":21},"end":{"line":21,"column":68}},"5":{"start":{"line":21,"column":50},"end":{"line":21,"column":67}},"6":{"start":{"line":22,"column":4},"end":{"line":27,"column":5}},"7":{"start":{"line":23,"column":6},"end":{"line":23,"column":31}},"8":{"start":{"line":24,"column":6},"end":{"line":24,"column":38}},"9":{"start":{"line":25,"column":6},"end":{"line":25,"column":47}},"10":{"start":{"line":26,"column":6},"end":{"line":26,"column":13}},"11":{"start":{"line":29,"column":32},"end":{"line":35,"column":6}},"12":{"start":{"line":37,"column":4},"end":{"line":37,"column":32}},"13":{"start":{"line":40,"column":4},"end":{"line":42,"column":5}},"14":{"start":{"line":41,"column":6},"end":{"line":41,"column":60}},"15":{"start":{"line":47,"column":4},"end":{"line":47,"column":29}},"16":{"start":{"line":52,"column":23},"end":{"line":52,"column":42}},"17":{"start":{"line":53,"column":4},"end":{"line":57,"column":6}},"18":{"start":{"line":55,"column":8},"end":{"line":56,"column":54}},"19":{"start":{"line":62,"column":4},"end":{"line":62,"column":57}},"20":{"start":{"line":62,"column":40},"end":{"line":62,"column":55}},"21":{"start":{"line":67,"column":4},"end":{"line":67,"column":67}},"22":{"start":{"line":67,"column":50},"end":{"line":67,"column":65}},"23":{"start":{"line":72,"column":4},"end":{"line":72,"column":22}},"24":{"start":{"line":77,"column":4},"end":{"line":77,"column":31}},"25":{"start":{"line":9,"column":0},"end":{"line":9,"column":13}},"26":{"start":{"line":81,"column":0},"end":{"line":81,"column":36}}},"fnMap":{"0":{"name":"(anonymous_0)","decl":{"start":{"line":9,"column":0},"end":{"line":9,"column":13}},"loc":{"start":{"line":9,"column":0},"end":{"line":79,"column":1}}},"1":{"name":"(anonymous_1)","decl":{"start":{"line":14,"column":2},"end":{"line":14,"column":5}},"loc":{"start":{"line":14,"column":32},"end":{"line":43,"column":3}}},"2":{"name":"(anonymous_2)","decl":{"start":{"line":21,"column":39},"end":{"line":21,"column":40}},"loc":{"start":{"line":21,"column":50},"end":{"line":21,"column":67}}},"3":{"name":"(anonymous_3)","decl":{"start":{"line":46,"column":2},"end":{"line":46,"column":8}},"loc":{"start":{"line":46,"column":8},"end":{"line":48,"column":3}}},"4":{"name":"(anonymous_4)","decl":{"start":{"line":51,"column":2},"end":{"line":51,"column":8}},"loc":{"start":{"line":51,"column":22},"end":{"line":58,"column":3}}},"5":{"name":"(anonymous_5)","decl":{"start":{"line":54,"column":6},"end":{"line":54,"column":7}},"loc":{"start":{"line":55,"column":8},"end":{"line":56,"column":54}}},"6":{"name":"(anonymous_6)","decl":{"start":{"line":61,"column":2},"end":{"line":61,"column":9}},"loc":{"start":{"line":61,"column":20},"end":{"line":63,"column":3}}},"7":{"name":"(anonymous_7)","decl":{"start":{"line":62,"column":29},"end":{"line":62,"column":30}},"loc":{"start":{"line":62,"column":40},"end":{"line":62,"column":55}}},"8":{"name":"(anonymous_8)","decl":{"start":{"line":66,"column":2},"end":{"line":66,"column":8}},"loc":{"start":{"line":66,"column":19},"end":{"line":68,"column":3}}},"9":{"name":"(anonymous_9)","decl":{"start":{"line":67,"column":39},"end":{"line":67,"column":40}},"loc":{"start":{"line":67,"column":50},"end":{"line":67,"column":65}}},"10":{"name":"(anonymous_10)","decl":{"start":{"line":71,"column":2},"end":{"line":71,"column":7}},"loc":{"start":{"line":71,"column":7},"end":{"line":73,"column":3}}},"11":{"name":"(anonymous_11)","decl":{"start":{"line":76,"column":2},"end":{"line":76,"column":7}},"loc":{"start":{"line":76,"column":7},"end":{"line":78,"column":3}}}},"branchMap":{"0":{"loc":{"start":{"line":16,"column":4},"end":{"line":18,"column":5}},"type":"if","locations":[{"start":{"line":16,"column":4},"end":{"line":18,"column":5}}]},"1":{"loc":{"start":{"line":16,"column":8},"end":{"line":16,"column":37}},"type":"binary-expr","locations":[{"start":{"line":16,"column":8},"end":{"line":16,"column":29}},{"start":{"line":16,"column":33},"end":{"line":16,"column":37}}]},"2":{"loc":{"start":{"line":22,"column":4},"end":{"line":27,"column":5}},"type":"if","locations":[{"start":{"line":22,"column":4},"end":{"line":27,"column":5}}]},"3":{"loc":{"start":{"line":25,"column":23},"end":{"line":25,"column":46}},"type":"binary-expr","locations":[{"start":{"line":25,"column":23},"end":{"line":25,"column":28}},{"start":{"line":25,"column":32},"end":{"line":25,"column":46}}]},"4":{"loc":{"start":{"line":32,"column":13},"end":{"line":32,"column":25}},"type":"binary-expr","locations":[{"start":{"line":32,"column":13},"end":{"line":32,"column":18}},{"start":{"line":32,"column":22},"end":{"line":32,"column":25}}]},"5":{"loc":{"start":{"line":40,"column":4},"end":{"line":42,"column":5}},"type":"if","locations":[{"start":{"line":40,"column":4},"end":{"line":42,"column":5}}]},"6":{"loc":{"start":{"line":55,"column":8},"end":{"line":56,"column":54}},"type":"binary-expr","locations":[{"start":{"line":55,"column":8},"end":{"line":55,"column":52}},{"start":{"line":56,"column":8},"end":{"line":56,"column":54}}]}},"s":{"0":9,"1":9,"2":13,"3":2,"4":11,"5":6,"6":11,"7":1,"8":1,"9":1,"10":1,"11":10,"12":10,"13":10,"14":0,"15":10,"16":2,"17":2,"18":4,"19":0,"20":0,"21":1,"22":2,"23":1,"24":3,"25":1,"26":1},"f":{"0":9,"1":13,"2":6,"3":10,"4":2,"5":4,"6":0,"7":0,"8":1,"9":2,"10":1,"11":3},"b":{"0":[2],"1":[13,12],"2":[1],"3":[1,0],"4":[10,0],"5":[0],"6":[4,2]}}
,"/Users/satyaprasadnaik/Downloads/deepweb-browser-main/src/services/torService.ts": {"path":"/Users/satyaprasadnaik/Downloads/deepweb-browser-main/src/services/torService.ts","statementMap":{"0":{"start":{"line":1,"column":0},"end":{"line":1,"column":38}},"1":{"start":{"line":2,"column":0},"end":{"line":2,"column":52}},"2":{"start":{"line":3,"column":0},"end":{"line":3,"column":27}},"3":{"start":{"line":25,"column":4},"end":{"line":25,"column":12}},"4":{"start":{"line":14,"column":10},"end":{"line":14,"column":45}},"5":{"start":{"line":15,"column":10},"end":{"line":15,"column":49}},"6":{"start":{"line":26,"column":4},"end":{"line":26,"column":31}},"7":{"start":{"line":27,"column":4},"end":{"line":27,"column":35}},"8":{"start":{"line":28,"column":4},"end":{"line":28,"column":47}},"9":{"start":{"line":33,"column":4},"end":{"line":33,"column":23}},"10":{"start":{"line":38,"column":4},"end":{"line":38,"column":39}},"11":{"start":{"line":43,"column":4},"end":{"line":45,"column":5}},"12":{"start":{"line":44,"column":6},"end":{"line":44,"column":18}},"13":{"start":{"line":47,"column":4},"end":{"line":88,"column":5}},"14":{"start":{"line":48,"column":6},"end":{"line":48,"column":35}},"15":{"start":{"line":51,"column":27},"end":{"line":51,"column":57}},"16":{"start":{"line":52,"column":6},"end":{"line":56,"column":7}},"17":{"start":{"line":53,"column":8},"end":{"line":55,"column":10}},"18":{"start":{"line":59,"column":6},"end":{"line":66,"column":9}},"19":{"start":{"line":68,"column":6},"end":{"line":71,"column":9}},"20":{"start":{"line":69,"column":8},"end":{"line":69,"column":32}},"21":{"start":{"line":70,"column":8},"end":{"line":70,"column":32}},"22":{"start":{"line":73,"column":6},"end":{"line":78,"column":9}},"23":{"start":{"line":74,"column":8},"end":{"line":77,"column":9}},"24":{"start":{"line":75,"column":10},"end":{"line":75,"column":41}},"25":{"start":{"line":76,"column":10},"end":{"line":76,"column":42}},"26":{"start":{"line":81,"column":6},"end":{"line":81,"column":37}},"27":{"start":{"line":82,"column":6},"end":{"line":82,"column":34}},"28":{"start":{"line":83,"column":6},"end":{"line":83,"column":18}},"29":{"start":{"line":85,"column":6},"end":{"line":85,"column":30}},"30":{"start":{"line":86,"column":6},"end":{"line":86,"column":32}},"31":{"start":{"line":87,"column":6},"end":{"line":87,"column":19}},"32":{"start":{"line":93,"column":4},"end":{"line":96,"column":5}},"33":{"start":{"line":94,"column":6},"end":{"line":94,"column":38}},"34":{"start":{"line":95,"column":6},"end":{"line":95,"column":29}},"35":{"start":{"line":97,"column":4},"end":{"line":97,"column":35}},"36":{"start":{"line":102,"column":4},"end":{"line":106,"column":6}},"37":{"start":{"line":110,"column":4},"end":{"line":110,"column":25}},"38":{"start":{"line":111,"column":4},"end":{"line":111,"column":38}},"39":{"start":{"line":115,"column":4},"end":{"line":119,"column":7}},"40":{"start":{"line":116,"column":20},"end":{"line":116,"column":47}},"41":{"start":{"line":117,"column":6},"end":{"line":117,"column":46}},"42":{"start":{"line":117,"column":30},"end":{"line":117,"column":44}},"43":{"start":{"line":118,"column":6},"end":{"line":118,"column":55}},"44":{"start":{"line":118,"column":34},"end":{"line":118,"column":53}},"45":{"start":{"line":123,"column":4},"end":{"line":142,"column":7}},"46":{"start":{"line":124,"column":22},"end":{"line":126,"column":32}},"47":{"start":{"line":125,"column":8},"end":{"line":125,"column":52}},"48":{"start":{"line":128,"column":24},"end":{"line":139,"column":7}},"49":{"start":{"line":129,"column":23},"end":{"line":129,"column":39}},"50":{"start":{"line":130,"column":8},"end":{"line":134,"column":11}},"51":{"start":{"line":131,"column":10},"end":{"line":131,"column":27}},"52":{"start":{"line":132,"column":10},"end":{"line":132,"column":32}},"53":{"start":{"line":133,"column":10},"end":{"line":133,"column":20}},"54":{"start":{"line":135,"column":8},"end":{"line":138,"column":11}},"55":{"start":{"line":136,"column":10},"end":{"line":136,"column":27}},"56":{"start":{"line":137,"column":10},"end":{"line":137,"column":38}},"57":{"start":{"line":141,"column":6},"end":{"line":141,"column":18}},"58":{"start":{"line":13,"column":0},"end":{"line":13,"column":13}},"59":{"start":{"line":146,"column":0},"end":{"line":146,"column":32}}},"fnMap":{"0":{"name":"(anonymous_9)","decl":{"start":{"line":20,"column":2},"end":{"line":20,"column":null}},"loc":{"start":{"line":23,"column":29},"end":{"line":29,"column":3}}},"1":{"name":"(anonymous_10)","decl":{"start":{"line":32,"column":2},"end":{"line":32,"column":11}},"loc":{"start":{"line":32,"column":11},"end":{"line":34,"column":3}}},"2":{"name":"(anonymous_11)","decl":{"start":{"line":37,"column":2},"end":{"line":37,"column":11}},"loc":{"start":{"line":37,"column":11},"end":{"line":39,"column":3}}},"3":{"name":"(anonymous_12)","decl":{"start":{"line":42,"column":2},"end":{"line":42,"column":7}},"loc":{"start":{"line":42,"column":15},"end":{"line":89,"column":3}}},"4":{"name":"(anonymous_13)","decl":{"start":{"line":68,"column":34},"end":{"line":68,"column":35}},"loc":{"start":{"line":68,"column":42},"end":{"line":71,"column":7}}},"5":{"name":"(anonymous_14)","decl":{"start":{"line":73,"column":33},"end":{"line":73,"column":34}},"loc":{"start":{"line":73,"column":42},"end":{"line":78,"column":7}}},"6":{"name":"(anonymous_15)","decl":{"start":{"line":92,"column":2},"end":{"line":92,"column":7}},"loc":{"start":{"line":92,"column":18},"end":{"line":98,"column":3}}},"7":{"name":"(anonymous_16)","decl":{"start":{"line":101,"column":2},"end":{"line":101,"column":16}},"loc":{"start":{"line":101,"column":16},"end":{"line":107,"column":3}}},"8":{"name":"(anonymous_17)","decl":{"start":{"line":109,"column":10},"end":{"line":109,"column":19}},"loc":{"start":{"line":109,"column":37},"end":{"line":112,"column":3}}},"9":{"name":"(anonymous_18)","decl":{"start":{"line":114,"column":10},"end":{"line":114,"column":27}},"loc":{"start":{"line":114,"column":27},"end":{"line":120,"column":3}}},"10":{"name":"(anonymous_19)","decl":{"start":{"line":115,"column":23},"end":{"line":115,"column":24}},"loc":{"start":{"line":115,"column":35},"end":{"line":119,"column":5}}},"11":{"name":"(anonymous_20)","decl":{"start":{"line":117,"column":24},"end":{"line":117,"column":27}},"loc":{"start":{"line":117,"column":30},"end":{"line":117,"column":44}}},"12":{"name":"(anonymous_21)","decl":{"start":{"line":118,"column":24},"end":{"line":118,"column":25}},"loc":{"start":{"line":118,"column":34},"end":{"line":118,"column":53}}},"13":{"name":"(anonymous_22)","decl":{"start":{"line":122,"column":10},"end":{"line":122,"column":27}},"loc":{"start":{"line":122,"column":27},"end":{"line":143,"column":3}}},"14":{"name":"(anonymous_23)","decl":{"start":{"line":123,"column":23},"end":{"line":123,"column":24}},"loc":{"start":{"line":123,"column":43},"end":{"line":142,"column":5}}},"15":{"name":"(anonymous_24)","decl":{"start":{"line":124,"column":33},"end":{"line":124,"column":36}},"loc":{"start":{"line":124,"column":38},"end":{"line":126,"column":7}}},"16":{"name":"(anonymous_25)","decl":{"start":{"line":128,"column":24},"end":{"line":128,"column":27}},"loc":{"start":{"line":128,"column":29},"end":{"line":139,"column":7}}},"17":{"name":"(anonymous_26)","decl":{"start":{"line":130,"column":52},"end":{"line":130,"column":55}},"loc":{"start":{"line":130,"column":57},"end":{"line":134,"column":9}}},"18":{"name":"(anonymous_27)","decl":{"start":{"line":135,"column":27},"end":{"line":135,"column":30}},"loc":{"start":{"line":135,"column":32},"end":{"line":138,"column":9}}}},"branchMap":{"0":{"loc":{"start":{"line":21,"column":4},"end":{"line":21,"column":20}},"type":"default-arg","locations":[{"start":{"line":21,"column":16},"end":{"line":21,"column":20}}]},"1":{"loc":{"start":{"line":22,"column":4},"end":{"line":22,"column":22}},"type":"default-arg","locations":[{"start":{"line":22,"column":18},"end":{"line":22,"column":22}}]},"2":{"loc":{"start":{"line":23,"column":4},"end":{"line":23,"column":29}},"type":"default-arg","locations":[{"start":{"line":23,"column":24},"end":{"line":23,"column":29}}]},"3":{"loc":{"start":{"line":43,"column":4},"end":{"line":45,"column":5}},"type":"if","locations":[{"start":{"line":43,"column":4},"end":{"line":45,"column":5}}]},"4":{"loc":{"start":{"line":52,"column":6},"end":{"line":56,"column":7}},"type":"if","locations":[{"start":{"line":52,"column":6},"end":{"line":56,"column":7}}]},"5":{"loc":{"start":{"line":74,"column":8},"end":{"line":77,"column":9}},"type":"if","locations":[{"start":{"line":74,"column":8},"end":{"line":77,"column":9}}]},"6":{"loc":{"start":{"line":93,"column":4},"end":{"line":96,"column":5}},"type":"if","locations":[{"start":{"line":93,"column":4},"end":{"line":96,"column":5}}]}},"s":{"0":1,"1":1,"2":1,"3":8,"4":8,"5":8,"6":8,"7":8,"8":8,"9":2,"10":2,"11":0,"12":0,"13":0,"14":0,"15":0,"16":0,"17":0,"18":0,"19":0,"20":0,"21":0,"22":0,"23":0,"24":0,"25":0,"26":0,"27":0,"28":0,"29":0,"30":0,"31":0,"32":2,"33":0,"34":0,"35":2,"36":2,"37":2,"38":2,"39":0,"40":0,"41":0,"42":0,"43":0,"44":0,"45":0,"46":0,"47":0,"48":0,"49":0,"50":0,"51":0,"52":0,"53":0,"54":0,"55":0,"56":0,"57":0,"58":1,"59":1},"f":{"0":8,"1":2,"2":2,"3":0,"4":0,"5":0,"6":2,"7":2,"8":2,"9":0,"10":0,"11":0,"12":0,"13":0,"14":0,"15":0,"16":0,"17":0,"18":0},"b":{"0":[7],"1":[7],"2":[8],"3":[0],"4":[0],"5":[0],"6":[0]}}
,"/Users/satyaprasadnaik/Downloads/deepweb-browser-main/src/services/vpnService.ts": {"path":"/Users/satyaprasadnaik/Downloads/deepweb-browser-main/src/services/vpnService.ts","statementMap":{"0":{"start":{"line":1,"column":0},"end":{"line":1,"column":38}},"1":{"start":{"line":2,"column":0},"end":{"line":2,"column":26}},"2":{"start":{"line":25,"column":10},"end":{"line":25,"column":45}},"3":{"start":{"line":26,"column":10},"end":{"line":26,"column":26}},"4":{"start":{"line":27,"column":10},"end":{"line":27,"column":25}},"5":{"start":{"line":28,"column":10},"end":{"line":28,"column":42}},"6":{"start":{"line":32,"column":4},"end":{"line":32,"column":23}},"7":{"start":{"line":37,"column":4},"end":{"line":37,"column":39}},"8":{"start":{"line":42,"column":4},"end":{"line":71,"column":5}},"9":{"start":{"line":43,"column":6},"end":{"line":46,"column":8}},"10":{"start":{"line":48,"column":6},"end":{"line":48,"column":35}},"11":{"start":{"line":51,"column":6},"end":{"line":51,"column":49}},"12":{"start":{"line":54,"column":6},"end":{"line":54,"column":30}},"13":{"start":{"line":57,"column":6},"end":{"line":57,"column":48}},"14":{"start":{"line":58,"column":6},"end":{"line":58,"column":34}},"15":{"start":{"line":60,"column":6},"end":{"line":64,"column":9}},"16":{"start":{"line":66,"column":6},"end":{"line":66,"column":18}},"17":{"start":{"line":68,"column":6},"end":{"line":68,"column":30}},"18":{"start":{"line":69,"column":6},"end":{"line":69,"column":32}},"19":{"start":{"line":70,"column":6},"end":{"line":70,"column":19}},"20":{"start":{"line":76,"column":4},"end":{"line":76,"column":29}},"21":{"start":{"line":77,"column":4},"end":{"line":77,"column":23}},"22":{"start":{"line":78,"column":4},"end":{"line":78,"column":24}},"23":{"start":{"line":79,"column":4},"end":{"line":79,"column":35}},"24":{"start":{"line":80,"column":4},"end":{"line":80,"column":30}},"25":{"start":{"line":85,"column":4},"end":{"line":100,"column":5}},"26":{"start":{"line":86,"column":23},"end":{"line":88,"column":8}},"27":{"start":{"line":89,"column":6},"end":{"line":93,"column":8}},"28":{"start":{"line":95,"column":6},"end":{"line":99,"column":8}},"29":{"start":{"line":105,"column":4},"end":{"line":105,"column":27}},"30":{"start":{"line":110,"column":4},"end":{"line":110,"column":26}},"31":{"start":{"line":114,"column":4},"end":{"line":121,"column":5}},"32":{"start":{"line":115,"column":23},"end":{"line":117,"column":8}},"33":{"start":{"line":118,"column":6},"end":{"line":118,"column":30}},"34":{"start":{"line":120,"column":6},"end":{"line":120,"column":23}},"35":{"start":{"line":130,"column":4},"end":{"line":130,"column":62}},"36":{"start":{"line":130,"column":35},"end":{"line":130,"column":60}},"37":{"start":{"line":137,"column":4},"end":{"line":137,"column":61}},"38":{"start":{"line":137,"column":35},"end":{"line":137,"column":59}},"39":{"start":{"line":141,"column":4},"end":{"line":141,"column":25}},"40":{"start":{"line":142,"column":4},"end":{"line":142,"column":38}},"41":{"start":{"line":24,"column":0},"end":{"line":24,"column":13}},"42":{"start":{"line":146,"column":0},"end":{"line":146,"column":32}}},"fnMap":{"0":{"name":"(anonymous_1)","decl":{"start":{"line":24,"column":0},"end":{"line":24,"column":13}},"loc":{"start":{"line":24,"column":0},"end":{"line":144,"column":1}}},"1":{"name":"(anonymous_2)","decl":{"start":{"line":31,"column":2},"end":{"line":31,"column":11}},"loc":{"start":{"line":31,"column":11},"end":{"line":33,"column":3}}},"2":{"name":"(anonymous_3)","decl":{"start":{"line":36,"column":2},"end":{"line":36,"column":13}},"loc":{"start":{"line":36,"column":13},"end":{"line":38,"column":3}}},"3":{"name":"(anonymous_4)","decl":{"start":{"line":41,"column":2},"end":{"line":41,"column":7}},"loc":{"start":{"line":41,"column":34},"end":{"line":72,"column":3}}},"4":{"name":"(anonymous_5)","decl":{"start":{"line":75,"column":2},"end":{"line":75,"column":7}},"loc":{"start":{"line":75,"column":18},"end":{"line":81,"column":3}}},"5":{"name":"(anonymous_6)","decl":{"start":{"line":84,"column":2},"end":{"line":84,"column":7}},"loc":{"start":{"line":84,"column":17},"end":{"line":101,"column":3}}},"6":{"name":"(anonymous_7)","decl":{"start":{"line":104,"column":2},"end":{"line":104,"column":15}},"loc":{"start":{"line":104,"column":15},"end":{"line":106,"column":3}}},"7":{"name":"(anonymous_8)","decl":{"start":{"line":109,"column":2},"end":{"line":109,"column":14}},"loc":{"start":{"line":109,"column":14},"end":{"line":111,"column":3}}},"8":{"name":"(anonymous_9)","decl":{"start":{"line":113,"column":10},"end":{"line":113,"column":15}},"loc":{"start":{"line":113,"column":27},"end":{"line":122,"column":3}}},"9":{"name":"(anonymous_10)","decl":{"start":{"line":124,"column":10},"end":{"line":124,"column":15}},"loc":{"start":{"line":124,"column":26},"end":{"line":131,"column":3}}},"10":{"name":"(anonymous_11)","decl":{"start":{"line":130,"column":22},"end":{"line":130,"column":23}},"loc":{"start":{"line":130,"column":35},"end":{"line":130,"column":60}}},"11":{"name":"(anonymous_12)","decl":{"start":{"line":133,"column":10},"end":{"line":133,"column":15}},"loc":{"start":{"line":133,"column":27},"end":{"line":138,"column":3}}},"12":{"name":"(anonymous_13)","decl":{"start":{"line":137,"column":22},"end":{"line":137,"column":23}},"loc":{"start":{"line":137,"column":35},"end":{"line":137,"column":59}}},"13":{"name":"(anonymous_14)","decl":{"start":{"line":140,"column":10},"end":{"line":140,"column":19}},"loc":{"start":{"line":140,"column":37},"end":{"line":143,"column":3}}}},"branchMap":{"0":{"loc":{"start":{"line":43,"column":20},"end":{"line":46,"column":8}},"type":"binary-expr","locations":[{"start":{"line":43,"column":20},"end":{"line":43,"column":26}},{"start":{"line":43,"column":30},"end":{"line":46,"column":8}}]}},"s":{"0":1,"1":1,"2":6,"3":6,"4":6,"5":6,"6":2,"7":1,"8":0,"9":0,"10":0,"11":0,"12":0,"13":0,"14":0,"15":0,"16":0,"17":0,"18":0,"19":0,"20":2,"21":2,"22":2,"23":2,"24":2,"25":0,"26":0,"27":0,"28":0,"29":1,"30":1,"31":0,"32":0,"33":0,"34":0,"35":0,"36":0,"37":2,"38":2,"39":2,"40":2,"41":1,"42":1},"f":{"0":6,"1":2,"2":1,"3":0,"4":2,"5":0,"6":1,"7":1,"8":0,"9":0,"10":0,"11":2,"12":2,"13":2},"b":{"0":[0,0]}}
,"/Users/satyaprasadnaik/Downloads/deepweb-browser-main/src/shared/security.ts": {"path":"/Users/satyaprasadnaik/Downloads/deepweb-browser-main/src/shared/security.ts","statementMap":{"0":{"start":{"line":6,"column":0},"end":{"line":6,"column":16}},"1":{"start":{"line":19,"column":0},"end":{"line":19,"column":16}},"2":{"start":{"line":35,"column":0},"end":{"line":35,"column":16}},"3":{"start":{"line":60,"column":0},"end":{"line":60,"column":16}},"4":{"start":{"line":72,"column":0},"end":{"line":72,"column":16}},"5":{"start":{"line":7,"column":2},"end":{"line":12,"column":3}},"6":{"start":{"line":8,"column":16},"end":{"line":8,"column":34}},"7":{"start":{"line":9,"column":4},"end":{"line":9,"column":94}},"8":{"start":{"line":11,"column":4},"end":{"line":11,"column":17}},"9":{"start":{"line":20,"column":2},"end":{"line":22,"column":3}},"10":{"start":{"line":21,"column":4},"end":{"line":21,"column":15}},"11":{"start":{"line":23,"column":2},"end":{"line":25,"column":3}},"12":{"start":{"line":24,"column":4},"end":{"line":24,"column":15}},"13":{"start":{"line":26,"column":2},"end":{"line":28,"column":3}},"14":{"start":{"line":27,"column":4},"end":{"line":27,"column":49}},"15":{"start":{"line":29,"column":2},"end":{"line":29,"column":13}},"16":{"start":{"line":36,"column":2},"end":{"line":54,"column":3}},"17":{"start":{"line":37,"column":19},"end":{"line":37,"column":31}},"18":{"start":{"line":38,"column":27},"end":{"line":49,"column":6}},"19":{"start":{"line":50,"column":4},"end":{"line":50,"column":73}},"20":{"start":{"line":50,"column":38},"end":{"line":50,"column":71}},"21":{"start":{"line":51,"column":4},"end":{"line":51,"column":29}},"22":{"start":{"line":53,"column":4},"end":{"line":53,"column":15}},"23":{"start":{"line":61,"column":28},"end":{"line":65,"column":4}},"24":{"start":{"line":66,"column":2},"end":{"line":66,"column":64}},"25":{"start":{"line":66,"column":45},"end":{"line":66,"column":62}},"26":{"start":{"line":73,"column":2},"end":{"line":78,"column":3}},"27":{"start":{"line":74,"column":19},"end":{"line":74,"column":31}},"28":{"start":{"line":75,"column":4},"end":{"line":75,"column":27}},"29":{"start":{"line":77,"column":4},"end":{"line":77,"column":14}}},"fnMap":{"0":{"name":"isValidUrl","decl":{"start":{"line":6,"column":16},"end":{"line":6,"column":26}},"loc":{"start":{"line":6,"column":44},"end":{"line":13,"column":1}}},"1":{"name":"enforceHttps","decl":{"start":{"line":19,"column":16},"end":{"line":19,"column":28}},"loc":{"start":{"line":19,"column":40},"end":{"line":30,"column":1}}},"2":{"name":"sanitizeUrl","decl":{"start":{"line":35,"column":16},"end":{"line":35,"column":27}},"loc":{"start":{"line":35,"column":39},"end":{"line":55,"column":1}}},"3":{"name":"(anonymous_3)","decl":{"start":{"line":50,"column":27},"end":{"line":50,"column":28}},"loc":{"start":{"line":50,"column":38},"end":{"line":50,"column":71}}},"4":{"name":"isDangerousUrl","decl":{"start":{"line":60,"column":16},"end":{"line":60,"column":30}},"loc":{"start":{"line":60,"column":42},"end":{"line":67,"column":1}}},"5":{"name":"(anonymous_5)","decl":{"start":{"line":66,"column":32},"end":{"line":66,"column":33}},"loc":{"start":{"line":66,"column":45},"end":{"line":66,"column":62}}},"6":{"name":"extractDomain","decl":{"start":{"line":72,"column":16},"end":{"line":72,"column":29}},"loc":{"start":{"line":72,"column":41},"end":{"line":79,"column":1}}}},"branchMap":{"0":{"loc":{"start":{"line":9,"column":11},"end":{"line":9,"column":93}},"type":"binary-expr","locations":[{"start":{"line":9,"column":11},"end":{"line":9,"column":35}},{"start":{"line":9,"column":39},"end":{"line":9,"column":64}},{"start":{"line":9,"column":68},"end":{"line":9,"column":93}}]},"1":{"loc":{"start":{"line":20,"column":2},"end":{"line":22,"column":3}},"type":"if","locations":[{"start":{"line":20,"column":2},"end":{"line":22,"column":3}}]},"2":{"loc":{"start":{"line":23,"column":2},"end":{"line":25,"column":3}},"type":"if","locations":[{"start":{"line":23,"column":2},"end":{"line":25,"column":3}}]},"3":{"loc":{"start":{"line":23,"column":6},"end":{"line":23,"column":78}},"type":"binary-expr","locations":[{"start":{"line":23,"column":6},"end":{"line":23,"column":40}},{"start":{"line":23,"column":44},"end":{"line":23,"column":78}}]},"4":{"loc":{"start":{"line":26,"column":2},"end":{"line":28,"column":3}},"type":"if","locations":[{"start":{"line":26,"column":2},"end":{"line":28,"column":3}}]}},"s":{"0":1,"1":1,"2":1,"3":1,"4":1,"5":7,"6":7,"7":5,"8":2,"9":5,"10":1,"11":4,"12":2,"13":2,"14":1,"15":1,"16":3,"17":3,"18":2,"19":2,"20":20,"21":2,"22":1,"23":3,"24":3,"25":6,"26":2,"27":2,"28":1,"29":1},"f":{"0":7,"1":5,"2":3,"3":20,"4":3,"5":6,"6":2},"b":{"0":[5,4,2],"1":[1],"2":[2],"3":[4,3],"4":[1]}}
}
