TN:
SF:src/services/historyService.ts
FN:9,(anonymous_0)
FN:14,(anonymous_1)
FN:21,(anonymous_2)
FN:46,(anonymous_3)
FN:51,(anonymous_4)
FN:54,(anonymous_5)
FN:61,(anonymous_6)
FN:62,(anonymous_7)
FN:66,(anonymous_8)
FN:67,(anonymous_9)
FN:71,(anonymous_10)
FN:76,(anonymous_11)
FNF:12
FNH:10
FNDA:9,(anonymous_0)
FNDA:13,(anonymous_1)
FNDA:6,(anonymous_2)
FNDA:10,(anonymous_3)
FNDA:2,(anonymous_4)
FNDA:4,(anonymous_5)
FNDA:0,(anonymous_6)
FNDA:0,(anonymous_7)
FNDA:1,(anonymous_8)
FNDA:2,(anonymous_9)
FNDA:1,(anonymous_10)
FNDA:3,(anonymous_11)
DA:9,1
DA:10,9
DA:11,9
DA:16,13
DA:17,2
DA:21,11
DA:22,11
DA:23,1
DA:24,1
DA:25,1
DA:26,1
DA:29,10
DA:37,10
DA:40,10
DA:41,0
DA:47,10
DA:52,2
DA:53,2
DA:55,4
DA:62,0
DA:67,2
DA:72,1
DA:77,3
DA:81,1
LF:24
LH:22
BRDA:16,0,0,2
BRDA:16,1,0,13
BRDA:16,1,1,12
BRDA:22,2,0,1
BRDA:25,3,0,1
BRDA:25,3,1,0
BRDA:32,4,0,10
BRDA:32,4,1,0
BRDA:40,5,0,0
BRDA:55,6,0,4
BRDA:55,6,1,2
BRF:11
BRH:8
end_of_record
TN:
SF:src/services/torService.ts
FN:20,(anonymous_9)
FN:32,(anonymous_10)
FN:37,(anonymous_11)
FN:42,(anonymous_12)
FN:68,(anonymous_13)
FN:73,(anonymous_14)
FN:92,(anonymous_15)
FN:101,(anonymous_16)
FN:109,(anonymous_17)
FN:114,(anonymous_18)
FN:115,(anonymous_19)
FN:117,(anonymous_20)
FN:118,(anonymous_21)
FN:122,(anonymous_22)
FN:123,(anonymous_23)
FN:124,(anonymous_24)
FN:128,(anonymous_25)
FN:130,(anonymous_26)
FN:135,(anonymous_27)
FNF:19
FNH:6
FNDA:8,(anonymous_9)
FNDA:2,(anonymous_10)
FNDA:2,(anonymous_11)
FNDA:0,(anonymous_12)
FNDA:0,(anonymous_13)
FNDA:0,(anonymous_14)
FNDA:2,(anonymous_15)
FNDA:2,(anonymous_16)
FNDA:2,(anonymous_17)
FNDA:0,(anonymous_18)
FNDA:0,(anonymous_19)
FNDA:0,(anonymous_20)
FNDA:0,(anonymous_21)
FNDA:0,(anonymous_22)
FNDA:0,(anonymous_23)
FNDA:0,(anonymous_24)
FNDA:0,(anonymous_25)
FNDA:0,(anonymous_26)
FNDA:0,(anonymous_27)
DA:1,1
DA:2,1
DA:3,1
DA:13,1
DA:14,8
DA:15,8
DA:25,8
DA:26,8
DA:27,8
DA:28,8
DA:33,2
DA:38,2
DA:43,0
DA:44,0
DA:47,0
DA:48,0
DA:51,0
DA:52,0
DA:53,0
DA:59,0
DA:68,0
DA:69,0
DA:70,0
DA:73,0
DA:74,0
DA:75,0
DA:76,0
DA:81,0
DA:82,0
DA:83,0
DA:85,0
DA:86,0
DA:87,0
DA:93,2
DA:94,0
DA:95,0
DA:97,2
DA:102,2
DA:110,2
DA:111,2
DA:115,0
DA:116,0
DA:117,0
DA:118,0
DA:123,0
DA:124,0
DA:125,0
DA:128,0
DA:129,0
DA:130,0
DA:131,0
DA:132,0
DA:133,0
DA:135,0
DA:136,0
DA:137,0
DA:141,0
DA:146,1
LF:58
LH:18
BRDA:21,0,0,7
BRDA:22,1,0,7
BRDA:23,2,0,8
BRDA:43,3,0,0
BRDA:52,4,0,0
BRDA:74,5,0,0
BRDA:93,6,0,0
BRF:7
BRH:3
end_of_record
TN:
SF:src/services/vpnService.ts
FN:24,(anonymous_1)
FN:31,(anonymous_2)
FN:36,(anonymous_3)
FN:41,(anonymous_4)
FN:75,(anonymous_5)
FN:84,(anonymous_6)
FN:104,(anonymous_7)
FN:109,(anonymous_8)
FN:113,(anonymous_9)
FN:124,(anonymous_10)
FN:130,(anonymous_11)
FN:133,(anonymous_12)
FN:137,(anonymous_13)
FN:140,(anonymous_14)
FNF:14
FNH:9
FNDA:6,(anonymous_1)
FNDA:2,(anonymous_2)
FNDA:1,(anonymous_3)
FNDA:0,(anonymous_4)
FNDA:2,(anonymous_5)
FNDA:0,(anonymous_6)
FNDA:1,(anonymous_7)
FNDA:1,(anonymous_8)
FNDA:0,(anonymous_9)
FNDA:0,(anonymous_10)
FNDA:0,(anonymous_11)
FNDA:2,(anonymous_12)
FNDA:2,(anonymous_13)
FNDA:2,(anonymous_14)
DA:1,1
DA:2,1
DA:24,1
DA:25,6
DA:26,6
DA:27,6
DA:28,6
DA:32,2
DA:37,1
DA:42,0
DA:43,0
DA:48,0
DA:51,0
DA:54,0
DA:57,0
DA:58,0
DA:60,0
DA:66,0
DA:68,0
DA:69,0
DA:70,0
DA:76,2
DA:77,2
DA:78,2
DA:79,2
DA:80,2
DA:85,0
DA:86,0
DA:89,0
DA:95,0
DA:105,1
DA:110,1
DA:114,0
DA:115,0
DA:118,0
DA:120,0
DA:130,0
DA:137,2
DA:141,2
DA:142,2
DA:146,1
LF:41
LH:20
BRDA:43,0,0,0
BRDA:43,0,1,0
BRF:2
BRH:0
end_of_record
TN:
SF:src/shared/security.ts
FN:6,isValidUrl
FN:19,enforceHttps
FN:35,sanitizeUrl
FN:50,(anonymous_3)
FN:60,isDangerousUrl
FN:66,(anonymous_5)
FN:72,extractDomain
FNF:7
FNH:7
FNDA:7,isValidUrl
FNDA:5,enforceHttps
FNDA:3,sanitizeUrl
FNDA:20,(anonymous_3)
FNDA:3,isDangerousUrl
FNDA:6,(anonymous_5)
FNDA:2,extractDomain
DA:6,1
DA:7,7
DA:8,7
DA:9,5
DA:11,2
DA:19,1
DA:20,5
DA:21,1
DA:23,4
DA:24,2
DA:26,2
DA:27,1
DA:29,1
DA:35,1
DA:36,3
DA:37,3
DA:38,2
DA:50,20
DA:51,2
DA:53,1
DA:60,1
DA:61,3
DA:66,6
DA:72,1
DA:73,2
DA:74,2
DA:75,1
DA:77,1
LF:28
LH:28
BRDA:9,0,0,5
BRDA:9,0,1,4
BRDA:9,0,2,2
BRDA:20,1,0,1
BRDA:23,2,0,2
BRDA:23,3,0,4
BRDA:23,3,1,3
BRDA:26,4,0,1
BRF:8
BRH:8
end_of_record
